2024-12-05 15:24:36,075 - INFO - Checking model load calls in file: bhdgbrlpke/naxbujqzkl.py
2024-12-05 15:24:36,076 - INFO - Checking model load calls in file: zwumkmrgut/qlltnmdohj.py
2024-12-05 15:24:36,076 - INFO - Checking model load calls in file: bxrapidhyh/fpwrtreuoe.py
2024-12-05 15:24:36,076 - INFO - Checking model load calls in file: wtfawrzzer/ddrterlpuu.py
2024-12-05 15:24:36,076 - INFO - Checking model load calls in file: trahdiimcp/ualcrqinyh.py
2024-12-05 15:24:36,076 - INFO - Checking model load calls in file: zmfgqfghkt/wiendectim.py
2024-12-05 15:24:36,077 - INFO - Checking model load calls in file: afrrzlasxq/mhtytbvgcf.py
2024-12-05 15:24:36,077 - INFO - Checking model load calls in file: aaifaynedy/gudtdzseht.py
2024-12-05 15:24:36,077 - INFO - Checking model load calls in file: mpufypfbkc/pjoweejsjj.py
2024-12-05 15:24:36,077 - INFO - Checking model load calls in file: ihbpyjodgo/xpibnayjzr.py
2024-12-05 15:24:36,077 - INFO - Checking model load calls in file: gwvfgkikwy/qubfuivbik.py
2024-12-05 15:24:36,077 - INFO - Checking model load calls in file: fmtczfbipv/bxmmhyxekf.py
2024-12-05 15:24:36,077 - INFO - Checking model load calls in file: sdieawyvig/rklloezcjp.py
2024-12-05 15:24:36,077 - INFO - Checking model load calls in file: mkolbrmjdl/fnfqnhgdtq.py
2024-12-05 15:24:36,077 - INFO - Checking model load calls in file: ltrsvsingh/xcumgvwnhg.py
2024-12-05 15:24:36,078 - INFO - Checking model load calls in file: gtxjwngnvt/jhadanympq.py
2024-12-05 15:24:36,078 - INFO - Checking model load calls in file: giamjeqdty/stbeazavha.py
2024-12-05 15:24:36,078 - INFO - Checking model load calls in file: ypobguoasm/sshdmllwil.py
2024-12-05 15:24:36,078 - INFO - Checking model load calls in file: hdpectltbt/uktvdzrpup.py
2024-12-05 15:24:36,078 - INFO - Checking model load calls in file: hakonoqwti/kpbfgkbfad.py
2024-12-05 15:36:58,291 - INFO - Checking model load calls (Counta) in file: dlzficpula/drbganltdg.py
2024-12-05 15:36:58,291 - INFO - Checking model load calls (Counta) in file: cecqexienl/yqfpdinhwh.py
2024-12-05 15:36:58,292 - INFO - Checking model load calls (Counta) in file: pyobjdlcrn/mtgyhovgyh.py
2024-12-05 15:36:58,292 - INFO - Checking model load calls (Counta) in file: giheoxoyun/qlhnbpucsp.py
2024-12-05 15:36:58,292 - INFO - Checking model load calls (Counta) in file: hxfpgzetxn/kntcnkvfyh.py
2024-12-05 15:36:58,292 - INFO - Checking model load calls (Counta) in file: baqrfjwwin/tjrbfgexye.py
2024-12-05 15:36:58,292 - INFO - Checking model load calls (Counta) in file: yqykpoejzh/phlnnsatdd.py
2024-12-05 15:36:58,292 - INFO - Checking model load calls (Counta) in file: izphfmzmjv/kcuiunohbm.py
2024-12-05 15:36:58,292 - INFO - Checking model load calls (Counta) in file: bcpmuzjejs/lnadaxqjgo.py
2024-12-05 15:36:58,292 - INFO - Checking model load calls (Counta) in file: xmlqokfrlq/iazzkaqscs.py
2024-12-05 15:36:58,293 - INFO - Checking model load calls (Counta) in file: glukqcfyjy/fewhyhfhzg.py
2024-12-05 15:36:58,293 - INFO - Checking model load calls (Counta) in file: neovtrlzez/uvkhmegusz.py
2024-12-05 15:36:58,293 - INFO - Checking model load calls (Counta) in file: ykipzqliek/iqamwwvalm.py
2024-12-05 15:36:58,293 - INFO - Checking model load calls (Counta) in file: qrinjsnavp/llojuqzcxz.py
2024-12-05 15:36:58,293 - INFO - Checking model load calls (Counta) in file: rapvgphkjk/vretxoeaam.py
2024-12-05 15:36:58,293 - INFO - Checking model load calls (Counta) in file: qjxjhsijqn/skywavbdwe.py
2024-12-05 15:36:58,293 - INFO - Checking model load calls (Counta) in file: fzfqkrvajz/khrhuypqir.py
2024-12-05 15:36:58,293 - INFO - Checking model load calls (Counta) in file: cmikarwzrw/dnqwvykhsi.py
2024-12-05 15:36:58,293 - INFO - Checking model load calls (Counta) in file: fetxsfpuud/oqxrfigstc.py
2024-12-05 15:36:58,293 - INFO - Checking model load calls (Counta) in file: glvbvpdpqs/ebaijczbko.py
